0 info it worked if it ends with ok
1 verbose cli [ '/usr/bin/node', '/usr/bin/npm', 'install', '-g', 'markmon' ]
2 info using npm@2.15.9
3 info using node@v4.6.1
4 verbose install initial load of /usr/lib/package.json
5 verbose readDependencies loading dependencies from /usr/lib/package.json
6 silly cache add args [ 'markmon', null ]
7 verbose cache add spec markmon
8 silly cache add parsed spec Result {
8 silly cache add   raw: 'markmon',
8 silly cache add   scope: null,
8 silly cache add   name: 'markmon',
8 silly cache add   rawSpec: '',
8 silly cache add   spec: 'latest',
8 silly cache add   type: 'tag' }
9 silly addNamed markmon@latest
10 verbose addNamed "latest" is being treated as a dist-tag for markmon
11 info addNameTag [ 'markmon', 'latest' ]
12 silly mapToRegistry name markmon
13 silly mapToRegistry using default registry
14 silly mapToRegistry registry https://registry.npmjs.org/
15 silly mapToRegistry data Result {
15 silly mapToRegistry   raw: 'markmon',
15 silly mapToRegistry   scope: null,
15 silly mapToRegistry   name: 'markmon',
15 silly mapToRegistry   rawSpec: '',
15 silly mapToRegistry   spec: 'latest',
15 silly mapToRegistry   type: 'tag' }
16 silly mapToRegistry uri https://registry.npmjs.org/markmon
17 verbose addNameTag registry:https://registry.npmjs.org/markmon not in flight; fetching
18 verbose request uri https://registry.npmjs.org/markmon
19 verbose request no auth needed
20 info attempt registry request try #1 at 10:07:44 AM
21 verbose request id 095f4843304fe0af
22 http request GET https://registry.npmjs.org/markmon
23 http 200 https://registry.npmjs.org/markmon
24 verbose headers { server: 'nginx/1.10.1',
24 verbose headers   'content-type': 'application/json',
24 verbose headers   'last-modified': 'Thu, 01 May 2014 10:40:40 GMT',
24 verbose headers   etag: 'W/"536224a8-2cb2"',
24 verbose headers   'content-encoding': 'gzip',
24 verbose headers   'cache-control': 'max-age=300',
24 verbose headers   'content-length': '2795',
24 verbose headers   'accept-ranges': 'bytes',
24 verbose headers   date: 'Tue, 06 Dec 2016 09:07:44 GMT',
24 verbose headers   via: '1.1 varnish',
24 verbose headers   age: '0',
24 verbose headers   connection: 'keep-alive',
24 verbose headers   'x-served-by': 'cache-ams4422-AMS',
24 verbose headers   'x-cache': 'MISS',
24 verbose headers   'x-cache-hits': '0',
24 verbose headers   'x-timer': 'S1481015264.231583,VS0,VE7',
24 verbose headers   vary: 'Accept-Encoding' }
25 silly get cb [ 200,
25 silly get   { server: 'nginx/1.10.1',
25 silly get     'content-type': 'application/json',
25 silly get     'last-modified': 'Thu, 01 May 2014 10:40:40 GMT',
25 silly get     etag: 'W/"536224a8-2cb2"',
25 silly get     'content-encoding': 'gzip',
25 silly get     'cache-control': 'max-age=300',
25 silly get     'content-length': '2795',
25 silly get     'accept-ranges': 'bytes',
25 silly get     date: 'Tue, 06 Dec 2016 09:07:44 GMT',
25 silly get     via: '1.1 varnish',
25 silly get     age: '0',
25 silly get     connection: 'keep-alive',
25 silly get     'x-served-by': 'cache-ams4422-AMS',
25 silly get     'x-cache': 'MISS',
25 silly get     'x-cache-hits': '0',
25 silly get     'x-timer': 'S1481015264.231583,VS0,VE7',
25 silly get     vary: 'Accept-Encoding' } ]
26 verbose get saving markmon to /users/visics/liqianma/.npm/registry.npmjs.org/markmon/.cache.json
27 verbose correctMkdir /users/visics/liqianma/.npm correctMkdir not in flight; initializing
28 verbose makeDirectory /users/visics/liqianma/.npm creation not in flight; initializing
29 silly makeDirectory /users/visics/liqianma/.npm uid: 27220 gid: 5800
30 silly addNameTag next cb for markmon with tag latest
31 silly addNamed markmon@0.0.7
32 verbose addNamed "0.0.7" is a plain semver version for markmon
33 silly mapToRegistry name markmon
34 silly mapToRegistry using default registry
35 silly mapToRegistry registry https://registry.npmjs.org/
36 silly mapToRegistry data Result {
36 silly mapToRegistry   raw: 'markmon',
36 silly mapToRegistry   scope: null,
36 silly mapToRegistry   name: 'markmon',
36 silly mapToRegistry   rawSpec: '',
36 silly mapToRegistry   spec: 'latest',
36 silly mapToRegistry   type: 'tag' }
37 silly mapToRegistry uri https://registry.npmjs.org/markmon
38 verbose addRemoteTarball https://registry.npmjs.org/markmon/-/markmon-0.0.7.tgz not in flight; adding
39 verbose addRemoteTarball [ 'https://registry.npmjs.org/markmon/-/markmon-0.0.7.tgz',
39 verbose addRemoteTarball   'ec1a0f7977ca410b00a8c5e6ca9681ccf61854e9' ]
40 info retry fetch attempt 1 at 10:07:44 AM
41 info attempt registry request try #1 at 10:07:44 AM
42 http fetch GET https://registry.npmjs.org/markmon/-/markmon-0.0.7.tgz
43 http fetch 200 https://registry.npmjs.org/markmon/-/markmon-0.0.7.tgz
44 silly fetchAndShaCheck shasum ec1a0f7977ca410b00a8c5e6ca9681ccf61854e9
45 verbose addTmpTarball /tmp/npm-27484-2de0a1a1/registry.npmjs.org/markmon/-/markmon-0.0.7.tgz not in flight; adding
46 verbose addTmpTarball already have metadata; skipping unpack for markmon@0.0.7
47 verbose correctMkdir /users/visics/liqianma/.npm correctMkdir not in flight; initializing
48 silly cache afterAdd markmon@0.0.7
49 verbose afterAdd /users/visics/liqianma/.npm/markmon/0.0.7/package/package.json not in flight; writing
50 verbose correctMkdir /users/visics/liqianma/.npm correctMkdir not in flight; initializing
51 verbose afterAdd /users/visics/liqianma/.npm/markmon/0.0.7/package/package.json written
52 silly install resolved [ { name: 'markmon',
52 silly install resolved     description: 'A Markdown live previewer with fast Mathjax re-rendering',
52 silly install resolved     version: '0.0.7',
52 silly install resolved     license: 'MIT',
52 silly install resolved     author:
52 silly install resolved      { name: 'Yao Yujian',
52 silly install resolved        email: 'yyjhao@gmail.com',
52 silly install resolved        url: 'http://yjyao.com' },
52 silly install resolved     dependencies:
52 silly install resolved      { express: '3.x',
52 silly install resolved        'socket.io': '0.9.x',
52 silly install resolved        optimist: '0.6.x',
52 silly install resolved        chokidar: '0.8.x',
52 silly install resolved        mime: '1.2.x' },
52 silly install resolved     files: [ 'bin', 'lib', 'frontend' ],
52 silly install resolved     bin: { markmon: 'bin/markmon' },
52 silly install resolved     main: 'lib/Server.js',
52 silly install resolved     preferGlobal: true,
52 silly install resolved     repository: { type: 'git', url: 'git://github.com/yyjhao/markmon.git' },
52 silly install resolved     keywords: [ 'markdown', 'previewer' ],
52 silly install resolved     bugs: { url: 'https://github.com/yyjhao/markmon/issues' },
52 silly install resolved     directories: { bin: 'bin', lib: 'lib' },
52 silly install resolved     homepage: 'https://github.com/yyjhao/markmon',
52 silly install resolved     _id: 'markmon@0.0.7',
52 silly install resolved     dist:
52 silly install resolved      { shasum: 'ec1a0f7977ca410b00a8c5e6ca9681ccf61854e9',
52 silly install resolved        tarball: 'https://registry.npmjs.org/markmon/-/markmon-0.0.7.tgz' },
52 silly install resolved     _from: 'markmon@latest',
52 silly install resolved     _npmVersion: '1.4.3',
52 silly install resolved     _npmUser: { name: 'yyjhao', email: 'yyjhao@gmail.com' },
52 silly install resolved     maintainers: [ [Object] ],
52 silly install resolved     _shasum: 'ec1a0f7977ca410b00a8c5e6ca9681ccf61854e9',
52 silly install resolved     _resolved: 'https://registry.npmjs.org/markmon/-/markmon-0.0.7.tgz' } ]
53 info install markmon@0.0.7 into /usr/lib
54 info installOne markmon@0.0.7
55 verbose installOne of markmon to /usr/lib not in flight; installing
56 verbose correctMkdir /users/visics/liqianma/.npm/_locks correctMkdir not in flight; initializing
57 verbose makeDirectory /users/visics/liqianma/.npm/_locks creation not in flight; initializing
58 silly makeDirectory /users/visics/liqianma/.npm/_locks uid: 27220 gid: 5800
59 verbose lock using /users/visics/liqianma/.npm/_locks/markmon-35f7f29a3ce6cfaa.lock for /usr/lib/node_modules/markmon
60 silly install write writing markmon 0.0.7 to /usr/lib/node_modules/markmon
61 verbose unbuild lib/node_modules/markmon
62 silly gentlyRm /usr/lib/node_modules/markmon is being purged from base /usr
63 verbose gentlyRm don't care about contents; nuking /usr/lib/node_modules/markmon
64 verbose tar unpack /users/visics/liqianma/.npm/markmon/0.0.7/package.tgz
65 verbose tar unpacking to /usr/lib/node_modules/markmon
66 silly gentlyRm /usr/lib/node_modules/markmon is being purged
67 verbose gentlyRm don't care about contents; nuking /usr/lib/node_modules/markmon
68 silly gunzTarPerm modes [ '755', '644' ]
69 error tar.unpack untar error /users/visics/liqianma/.npm/markmon/0.0.7/package.tgz
70 verbose unlock done using /users/visics/liqianma/.npm/_locks/markmon-35f7f29a3ce6cfaa.lock for /usr/lib/node_modules/markmon
71 verbose fstream_path /usr/lib/node_modules/markmon
72 verbose fstream_type Directory
73 verbose fstream_class DirWriter
74 verbose stack Error: EACCES: permission denied, mkdir '/usr/lib/node_modules/markmon'
74 verbose stack     at Error (native)
75 verbose fstream_stack /usr/lib/node_modules/npm/node_modules.bundled/fstream/lib/dir-writer.js:35:25
75 verbose fstream_stack /usr/lib/node_modules/npm/node_modules.bundled/mkdirp/index.js:47:53
75 verbose fstream_stack FSReqWrap.oncomplete (fs.js:82:15)
76 verbose cwd /users/visics/liqianma/udacity_course/Self-Driving/AutonomousDriving
77 error Linux 4.8.4-200.fc24.x86_64
78 error argv "/usr/bin/node" "/usr/bin/npm" "install" "-g" "markmon"
79 error node v4.6.1
80 error npm  v2.15.9
81 error path /usr/lib/node_modules/markmon
82 error code EACCES
83 error errno -13
84 error syscall mkdir
85 error Error: EACCES: permission denied, mkdir '/usr/lib/node_modules/markmon'
85 error     at Error (native)
85 error  { [Error: EACCES: permission denied, mkdir '/usr/lib/node_modules/markmon']
85 error   errno: -13,
85 error   code: 'EACCES',
85 error   syscall: 'mkdir',
85 error   path: '/usr/lib/node_modules/markmon',
85 error   fstream_type: 'Directory',
85 error   fstream_path: '/usr/lib/node_modules/markmon',
85 error   fstream_class: 'DirWriter',
85 error   fstream_stack:
85 error    [ '/usr/lib/node_modules/npm/node_modules.bundled/fstream/lib/dir-writer.js:35:25',
85 error      '/usr/lib/node_modules/npm/node_modules.bundled/mkdirp/index.js:47:53',
85 error      'FSReqWrap.oncomplete (fs.js:82:15)' ] }
86 error Please try running this command again as root/Administrator.
87 verbose exit [ -13, true ]
88 verbose unbuild lib/node_modules/markmon
89 silly gentlyRm /usr/lib/node_modules/markmon is being purged from base /usr
90 verbose gentlyRm don't care about contents; nuking /usr/lib/node_modules/markmon
